#
# A fatal error has been detected by the Java Runtime Environment:
#
#  EXCEPTION_ACCESS_VIOLATION (0xc0000005) at pc=0x0000000002c6e2d3, pid=5708, tid=0x0000000000000b0c
#
# JRE version: Java(TM) SE Runtime Environment (8.0_231-b11) (build 1.8.0_231-b11)
# Java VM: Java HotSpot(TM) 64-Bit Server VM (25.231-b11 mixed mode windows-amd64 compressed oops)
# Problematic frame:
# J 2663 C2 java.util.Calendar$Builder.build()Ljava/util/Calendar; (635 bytes) @ 0x0000000002c6e2d3 [0x0000000002c6dea0+0x433]
#
# Failed to write core dump. Minidumps are not enabled by default on client versions of Windows
#
# If you would like to submit a bug report, please visit:
#   http://bugreport.java.com/bugreport/crash.jsp
#

---------------  T H R E A D  ---------------

Current thread (0x0000000019163000):  JavaThread "Thread-3" [_thread_in_Java, id=2828, stack(0x000000001a3e0000,0x000000001a4e0000)]

siginfo: ExceptionCode=0xc0000005, writing address 0x0000000011b08b2e

Registers:
RAX=0x00000000d6b65d48, RBX=0x00000000d6b65c80, RCX=0x00000000d6b65cf0, RDX=0x00000000d6b65c48
RSP=0x000000001a4df530, RBP=0x0000000082c6e0e0, RSI=0x0000000081ec65d0, RDI=0x00000000d6b65d48
R8 =0x00000000006b5b2e, R9 =0x0000000011453000, R10=0x00000000d6b65c80, R11=0x0000000081d658e0
R12=0x0000000000000000, R13=0x00000000d6b65bd0, R14=0x000000001a4df660, R15=0x0000000019163000
RIP=0x0000000002c6e2d3, EFLAGS=0x0000000000010206

Top of Stack: (sp=0x000000001a4df530)
0x000000001a4df530:   d6b65c10000026f5 0000000018ba12b0
0x000000001a4df540:   0000000019163000 0000000000000001
0x000000001a4df550:   00000000d6b65c48 0000000059260041
0x000000001a4df560:   0000000000000002 0000000000000007
0x000000001a4df570:   0001ffff00000013 0000000000000828
0x000000001a4df580:   0000000082231380 0000000059369bdf
0x000000001a4df590:   00000000000ace00 0000000000000000
0x000000001a4df5a0:   0000000000000000 0000000000000006
0x000000001a4df5b0:   0000000082c6e0e0 0000000002c642d0
0x000000001a4df5c0:   01d5b5c50b8275da 00000000197bc450
0x000000001a4df5d0:   000000001cc43b00 000000001a4df6a8
0x000000001a4df5e0:   0000000000380031 0000000000000000
0x000000001a4df5f0:   0000000081d658e0 00000000d6b65bd0
0x000000001a4df600:   0000000081ec4790 81d658e082231380
0x000000001a4df610:   00000000d6b65c10 0000000000000007
0x000000001a4df620:   0000000100000001 0000000100000001 

Instructions: (pc=0x0000000002c6e2d3)
0x0000000002c6e2b3:   4c 89 60 10 4c 89 60 18 4c 89 60 20 4d 8b c2 4c
0x0000000002c6e2c3:   8b c8 45 89 4a 30 49 c1 e8 09 41 b9 00 30 41 11
0x0000000002c6e2d3:   47 88 24 01 4d 8b 4f 60 4d 8b c1 49 83 c0 58 4d
0x0000000002c6e2e3:   3b 47 70 0f 83 73 07 00 00 4d 89 47 60 49 8b f9 


Register to memory mapping:

RAX=0x00000000d6b65d48 is an oop
[Z 
 - klass: {type array bool}
 - length: 17
RBX=0x00000000d6b65c80 is an oop
java.util.GregorianCalendar 
 - klass: 'java/util/GregorianCalendar'
RCX=0x00000000d6b65cf0 is an oop
[I 
 - klass: {type array int}
 - length: 17
RDX=0x00000000d6b65c48 is an oop
java.util.Calendar$Builder 
 - klass: 'java/util/Calendar$Builder'
RSP=0x000000001a4df530 is pointing into the stack for thread: 0x0000000019163000
RBP=0x0000000082c6e0e0 is an oop
java.util.concurrent.ConcurrentHashMap$Node 
 - klass: 'java/util/concurrent/ConcurrentHashMap$Node'
RSI=0x0000000081ec65d0 is an oop
java.lang.String 
 - klass: 'java/lang/String'
RDI=0x00000000d6b65d48 is an oop
[Z 
 - klass: {type array bool}
 - length: 17
R8 =0x00000000006b5b2e is pointing into metadata
R9 =0x0000000011453000 is an unknown value
R10=0x00000000d6b65c80 is an oop
java.util.GregorianCalendar 
 - klass: 'java/util/GregorianCalendar'
R11=0x0000000081d658e0 is an oop
java.util.Locale 
 - klass: 'java/util/Locale'
R12=0x0000000000000000 is an unknown value
R13=0x00000000d6b65bd0 is an oop
java.text.SimpleDateFormat 
 - klass: 'java/text/SimpleDateFormat'
R14=0x000000001a4df660 is pointing into the stack for thread: 0x0000000019163000
R15=0x0000000019163000 is a thread


Stack: [0x000000001a3e0000,0x000000001a4e0000],  sp=0x000000001a4df530,  free space=1021k
Native frames: (J=compiled Java code, j=interpreted, Vv=VM code, C=native code)
C  0x0000000002c6e2d3


---------------  P R O C E S S  ---------------

Java Threads: ( => current thread )
=>0x0000000019163000 JavaThread "Thread-3" [_thread_in_Java, id=2828, stack(0x000000001a3e0000,0x000000001a4e0000)]
  0x000000001922d000 JavaThread "TimerQueue" daemon [_thread_blocked, id=7872, stack(0x0000000019cd0000,0x0000000019dd0000)]
  0x000000000218e000 JavaThread "DestroyJavaVM" [_thread_blocked, id=5272, stack(0x0000000002260000,0x0000000002360000)]
  0x00000000190d3800 JavaThread "AWT-EventQueue-0" [_thread_blocked, id=8884, stack(0x000000001a0e0000,0x000000001a1e0000)]
  0x0000000018ce6800 JavaThread "AWT-Windows" daemon [_thread_in_native, id=3720, stack(0x0000000019a40000,0x0000000019b40000)]
  0x0000000018ce4000 JavaThread "AWT-Shutdown" [_thread_blocked, id=11140, stack(0x0000000019940000,0x0000000019a40000)]
  0x0000000019083800 JavaThread "Java2D Disposer" daemon [_thread_blocked, id=3164, stack(0x0000000019840000,0x0000000019940000)]
  0x0000000018940800 JavaThread "Service Thread" daemon [_thread_blocked, id=2256, stack(0x0000000018d00000,0x0000000018e00000)]
  0x0000000016fc2000 JavaThread "C1 CompilerThread2" daemon [_thread_blocked, id=2520, stack(0x0000000018800000,0x0000000018900000)]
  0x0000000016fad800 JavaThread "C2 CompilerThread1" daemon [_thread_blocked, id=2252, stack(0x0000000018700000,0x0000000018800000)]
  0x0000000016fa7800 JavaThread "C2 CompilerThread0" daemon [_thread_blocked, id=3872, stack(0x0000000018600000,0x0000000018700000)]
  0x0000000016fa6000 JavaThread "Attach Listener" daemon [_thread_blocked, id=1712, stack(0x0000000018500000,0x0000000018600000)]
  0x0000000016fa4000 JavaThread "Signal Dispatcher" daemon [_thread_blocked, id=3580, stack(0x0000000018400000,0x0000000018500000)]
  0x000000000245d800 JavaThread "Finalizer" daemon [_thread_blocked, id=2692, stack(0x0000000018200000,0x0000000018300000)]
  0x0000000016f8a000 JavaThread "Reference Handler" daemon [_thread_blocked, id=4480, stack(0x0000000018100000,0x0000000018200000)]

Other Threads:
  0x0000000016f67800 VMThread [stack: 0x0000000018000000,0x0000000018100000] [id=8256]
  0x0000000018953000 WatcherThread [stack: 0x0000000018e00000,0x0000000018f00000] [id=12188]

VM state:not at safepoint (normal execution)

VM Mutex/Monitor currently owned by a thread: None

heap address: 0x0000000081a00000, size: 2022 MB, Compressed Oops mode: 32-bit
Narrow klass base: 0x0000000000000000, Narrow klass shift: 3
Compressed class space size: 1073741824 Address: 0x0000000100000000

Heap:
 PSYoungGen      total 28160K, used 14071K [0x00000000d5e00000, 0x00000000d7d80000, 0x0000000100000000)
  eden space 24064K, 57% used [0x00000000d5e00000,0x00000000d6b9df08,0x00000000d7580000)
  from space 4096K, 3% used [0x00000000d7980000,0x00000000d79a0000,0x00000000d7d80000)
  to   space 4096K, 0% used [0x00000000d7580000,0x00000000d7580000,0x00000000d7980000)
 ParOldGen       total 50176K, used 23398K [0x0000000081a00000, 0x0000000084b00000, 0x00000000d5e00000)
  object space 50176K, 46% used [0x0000000081a00000,0x00000000830d9898,0x0000000084b00000)
 Metaspace       used 22261K, capacity 22480K, committed 22704K, reserved 1069056K
  class space    used 2616K, capacity 2708K, committed 2816K, reserved 1048576K

Card table byte_map: [0x0000000011820000,0x0000000011c20000] byte_map_base: 0x0000000011413000

Marking Bits: (ParMarkBitMap*) 0x00000000598f6d90
 Begin Bits: [0x00000000122d0000, 0x0000000014268000)
 End Bits:   [0x0000000014268000, 0x0000000016200000)

Polling page: 0x00000000004b0000

CodeCache: size=245760Kb used=9607Kb max_used=9620Kb free=236152Kb
 bounds [0x0000000002460000, 0x0000000002de0000, 0x0000000011460000]
 total_blobs=3557 nmethods=2933 adapters=533
 compilation: enabled

Compilation events (10 events):
Event: 1207.596 Thread 0x0000000016fad800 3326       4       java.awt.geom.RoundRectIterator::isDone (17 bytes)
Event: 1207.597 Thread 0x0000000016fad800 nmethod 3326 0x0000000002bdcb10 code [0x0000000002bdcc40, 0x0000000002bdccd8]
Event: 1215.857 Thread 0x0000000016fa7800 3328       4       sun.java2d.SurfaceData::validatePipe (785 bytes)
Event: 1215.869 Thread 0x0000000016fa7800 nmethod 3328 0x00000000025d7650 code [0x00000000025d7880, 0x00000000025d8280]
Event: 1217.859 Thread 0x0000000016fad800 3329       4       javax.swing.plaf.nimbus.NimbusStyle::getNextState (263 bytes)
Event: 1217.863 Thread 0x0000000016fad800 nmethod 3329 0x00000000026a2dd0 code [0x00000000026a2f20, 0x00000000026a3318]
Event: 1233.417 Thread 0x0000000016fc2000 3330       3       javax.swing.DefaultButtonModel::isArmed (15 bytes)
Event: 1233.417 Thread 0x0000000016fc2000 nmethod 3330 0x00000000026a2a10 code [0x00000000026a2b60, 0x00000000026a2d10]
Event: 1245.858 Thread 0x0000000016fa7800 3331       4       java.awt.EventQueue::dispatchEvent (80 bytes)
Event: 1245.867 Thread 0x0000000016fa7800 nmethod 3331 0x00000000025d6610 code [0x00000000025d6800, 0x00000000025d6ed0]

GC Heap History (10 events):
Event: 1171.103 GC heap before
{Heap before GC invocations=41 (full 1):
 PSYoungGen      total 24576K, used 24288K [0x00000000d5e00000, 0x00000000d7f80000, 0x0000000100000000)
  eden space 24064K, 100% used [0x00000000d5e00000,0x00000000d7580000,0x00000000d7580000)
  from space 512K, 43% used [0x00000000d7580000,0x00000000d75b8000,0x00000000d7600000)
  to   space 5120K, 0% used [0x00000000d7a80000,0x00000000d7a80000,0x00000000d7f80000)
 ParOldGen       total 50176K, used 23225K [0x0000000081a00000, 0x0000000084b00000, 0x00000000d5e00000)
  object space 50176K, 46% used [0x0000000081a00000,0x00000000830ae7d8,0x0000000084b00000)
 Metaspace       used 22261K, capacity 22480K, committed 22704K, reserved 1069056K
  class space    used 2616K, capacity 2708K, committed 2816K, reserved 1048576K
Event: 1171.104 GC heap after
Heap after GC invocations=41 (full 1):
 PSYoungGen      total 29184K, used 192K [0x00000000d5e00000, 0x00000000d7f80000, 0x0000000100000000)
  eden space 24064K, 0% used [0x00000000d5e00000,0x00000000d5e00000,0x00000000d7580000)
  from space 5120K, 3% used [0x00000000d7a80000,0x00000000d7ab0000,0x00000000d7f80000)
  to   space 5120K, 0% used [0x00000000d7580000,0x00000000d7580000,0x00000000d7a80000)
 ParOldGen       total 50176K, used 23225K [0x0000000081a00000, 0x0000000084b00000, 0x00000000d5e00000)
  object space 50176K, 46% used [0x0000000081a00000,0x00000000830ae7d8,0x0000000084b00000)
 Metaspace       used 22261K, capacity 22480K, committed 22704K, reserved 1069056K
  class space    used 2616K, capacity 2708K, committed 2816K, reserved 1048576K
}
Event: 1197.128 GC heap before
{Heap before GC invocations=42 (full 1):
 PSYoungGen      total 29184K, used 24256K [0x00000000d5e00000, 0x00000000d7f80000, 0x0000000100000000)
  eden space 24064K, 100% used [0x00000000d5e00000,0x00000000d7580000,0x00000000d7580000)
  from space 5120K, 3% used [0x00000000d7a80000,0x00000000d7ab0000,0x00000000d7f80000)
  to   space 5120K, 0% used [0x00000000d7580000,0x00000000d7580000,0x00000000d7a80000)
 ParOldGen       total 50176K, used 23225K [0x0000000081a00000, 0x0000000084b00000, 0x00000000d5e00000)
  object space 50176K, 46% used [0x0000000081a00000,0x00000000830ae7d8,0x0000000084b00000)
 Metaspace       used 22261K, capacity 22480K, committed 22704K, reserved 1069056K
  class space    used 2616K, capacity 2708K, committed 2816K, reserved 1048576K
Event: 1197.129 GC heap after
Heap after GC invocations=42 (full 1):
 PSYoungGen      total 24576K, used 192K [0x00000000d5e00000, 0x00000000d7e80000, 0x0000000100000000)
  eden space 24064K, 0% used [0x00000000d5e00000,0x00000000d5e00000,0x00000000d7580000)
  from space 512K, 37% used [0x00000000d7580000,0x00000000d75b0000,0x00000000d7600000)
  to   space 4608K, 0% used [0x00000000d7a00000,0x00000000d7a00000,0x00000000d7e80000)
 ParOldGen       total 50176K, used 23288K [0x0000000081a00000, 0x0000000084b00000, 0x00000000d5e00000)
  object space 50176K, 46% used [0x0000000081a00000,0x00000000830be378,0x0000000084b00000)
 Metaspace       used 22261K, capacity 22480K, committed 22704K, reserved 1069056K
  class space    used 2616K, capacity 2708K, committed 2816K, reserved 1048576K
}
Event: 1222.784 GC heap before
{Heap before GC invocations=43 (full 1):
 PSYoungGen      total 24576K, used 24256K [0x00000000d5e00000, 0x00000000d7e80000, 0x0000000100000000)
  eden space 24064K, 100% used [0x00000000d5e00000,0x00000000d7580000,0x00000000d7580000)
  from space 512K, 37% used [0x00000000d7580000,0x00000000d75b0000,0x00000000d7600000)
  to   space 4608K, 0% used [0x00000000d7a00000,0x00000000d7a00000,0x00000000d7e80000)
 ParOldGen       total 50176K, used 23288K [0x0000000081a00000, 0x0000000084b00000, 0x00000000d5e00000)
  object space 50176K, 46% used [0x0000000081a00000,0x00000000830be378,0x0000000084b00000)
 Metaspace       used 22261K, capacity 22480K, committed 22704K, reserved 1069056K
  class space    used 2616K, capacity 2708K, committed 2816K, reserved 1048576K
Event: 1222.785 GC heap after
Heap after GC invocations=43 (full 1):
 PSYoungGen      total 28672K, used 192K [0x00000000d5e00000, 0x00000000d7e80000, 0x0000000100000000)
  eden space 24064K, 0% used [0x00000000d5e00000,0x00000000d5e00000,0x00000000d7580000)
  from space 4608K, 4% used [0x00000000d7a00000,0x00000000d7a30000,0x00000000d7e80000)
  to   space 4608K, 0% used [0x00000000d7580000,0x00000000d7580000,0x00000000d7a00000)
 ParOldGen       total 50176K, used 23296K [0x0000000081a00000, 0x0000000084b00000, 0x00000000d5e00000)
  object space 50176K, 46% used [0x0000000081a00000,0x00000000830c0378,0x0000000084b00000)
 Metaspace       used 22261K, capacity 22480K, committed 22704K, reserved 1069056K
  class space    used 2616K, capacity 2708K, committed 2816K, reserved 1048576K
}
Event: 1248.857 GC heap before
{Heap before GC invocations=44 (full 1):
 PSYoungGen      total 28672K, used 24256K [0x00000000d5e00000, 0x00000000d7e80000, 0x0000000100000000)
  eden space 24064K, 100% used [0x00000000d5e00000,0x00000000d7580000,0x00000000d7580000)
  from space 4608K, 4% used [0x00000000d7a00000,0x00000000d7a30000,0x00000000d7e80000)
  to   space 4608K, 0% used [0x00000000d7580000,0x00000000d7580000,0x00000000d7a00000)
 ParOldGen       total 50176K, used 23296K [0x0000000081a00000, 0x0000000084b00000, 0x00000000d5e00000)
  object space 50176K, 46% used [0x0000000081a00000,0x00000000830c0378,0x0000000084b00000)
 Metaspace       used 22261K, capacity 22480K, committed 22704K, reserved 1069056K
  class space    used 2616K, capacity 2708K, committed 2816K, reserved 1048576K
Event: 1248.858 GC heap after
Heap after GC invocations=44 (full 1):
 PSYoungGen      total 24576K, used 192K [0x00000000d5e00000, 0x00000000d7d80000, 0x0000000100000000)
  eden space 24064K, 0% used [0x00000000d5e00000,0x00000000d5e00000,0x00000000d7580000)
  from space 512K, 37% used [0x00000000d7580000,0x00000000d75b0000,0x00000000d7600000)
  to   space 4096K, 0% used [0x00000000d7980000,0x00000000d7980000,0x00000000d7d80000)
 ParOldGen       total 50176K, used 23296K [0x0000000081a00000, 0x0000000084b00000, 0x00000000d5e00000)
  object space 50176K, 46% used [0x0000000081a00000,0x00000000830c0378,0x0000000084b00000)
 Metaspace       used 22261K, capacity 22480K, committed 22704K, reserved 1069056K
  class space    used 2616K, capacity 2708K, committed 2816K, reserved 1048576K
}
Event: 1274.576 GC heap before
{Heap before GC invocations=45 (full 1):
 PSYoungGen      total 24576K, used 24256K [0x00000000d5e00000, 0x00000000d7d80000, 0x0000000100000000)
  eden space 24064K, 100% used [0x00000000d5e00000,0x00000000d7580000,0x00000000d7580000)
  from space 512K, 37% used [0x00000000d7580000,0x00000000d75b0000,0x00000000d7600000)
  to   space 4096K, 0% used [0x00000000d7980000,0x00000000d7980000,0x00000000d7d80000)
 ParOldGen       total 50176K, used 23296K [0x0000000081a00000, 0x0000000084b00000, 0x00000000d5e00000)
  object space 50176K, 46% used [0x0000000081a00000,0x00000000830c0378,0x0000000084b00000)
 Metaspace       used 22261K, capacity 22480K, committed 22704K, reserved 1069056K
  class space    used 2616K, capacity 2708K, committed 2816K, reserved 1048576K
Event: 1274.577 GC heap after
Heap after GC invocations=45 (full 1):
 PSYoungGen      total 28160K, used 128K [0x00000000d5e00000, 0x00000000d7d80000, 0x0000000100000000)
  eden space 24064K, 0% used [0x00000000d5e00000,0x00000000d5e00000,0x00000000d7580000)
  from space 4096K, 3% used [0x00000000d7980000,0x00000000d79a0000,0x00000000d7d80000)
  to   space 4096K, 0% used [0x00000000d7580000,0x00000000d7580000,0x00000000d7980000)
 ParOldGen       total 50176K, used 23398K [0x0000000081a00000, 0x0000000084b00000, 0x00000000d5e00000)
  object space 50176K, 46% used [0x0000000081a00000,0x00000000830d9898,0x0000000084b00000)
 Metaspace       used 22261K, capacity 22480K, committed 22704K, reserved 1069056K
  class space    used 2616K, capacity 2708K, committed 2816K, reserved 1048576K
}

Deoptimization events (10 events):
Event: 134.716 Thread 0x00000000190d3800 Uncommon trap: reason=unstable_if action=reinterpret pc=0x0000000002a03f50 method=java.awt.MultipleGradientPaintContext.indexIntoGradientsArrays(F)I @ 24
Event: 134.716 Thread 0x00000000190d3800 Uncommon trap: reason=unstable_if action=reinterpret pc=0x00000000026e00d0 method=java.awt.MultipleGradientPaintContext.indexIntoGradientsArrays(F)I @ 24
Event: 135.263 Thread 0x00000000190d3800 Uncommon trap: reason=bimorphic action=maybe_recompile pc=0x000000000291b8c8 method=java.util.regex.Pattern$BmpCharProperty.match(Ljava/util/regex/Matcher;ILjava/lang/CharSequence;)Z @ 16
Event: 144.691 Thread 0x00000000190d3800 Uncommon trap: reason=bimorphic action=maybe_recompile pc=0x000000000291b8c8 method=java.util.regex.Pattern$BmpCharProperty.match(Ljava/util/regex/Matcher;ILjava/lang/CharSequence;)Z @ 16
Event: 148.857 Thread 0x00000000190d3800 Uncommon trap: reason=unstable_if action=reinterpret pc=0x0000000002cab658 method=sun.font.CMap$CMapFormat4.getGlyph(I)C @ 181
Event: 149.043 Thread 0x00000000190d3800 Uncommon trap: reason=unstable_if action=reinterpret pc=0x0000000002bfc220 method=java.awt.Container.findComponentAtImpl(IIZ)Ljava/awt/Component; @ 131
Event: 149.648 Thread 0x00000000190d3800 Uncommon trap: reason=bimorphic action=maybe_recompile pc=0x000000000291b8c8 method=java.util.regex.Pattern$BmpCharProperty.match(Ljava/util/regex/Matcher;ILjava/lang/CharSequence;)Z @ 16
Event: 153.167 Thread 0x00000000190d3800 Uncommon trap: reason=class_check action=maybe_recompile pc=0x000000000283dc24 method=java.util.regex.Pattern$Curly.match(Ljava/util/regex/Matcher;ILjava/lang/CharSequence;)Z @ 19
Event: 868.696 Thread 0x00000000190d3800 Uncommon trap: reason=unstable_if action=reinterpret pc=0x0000000002d29b98 method=java.awt.EventQueue.postEvent(Ljava/awt/AWTEvent;I)V @ 6
Event: 1090.858 Thread 0x0000000019163000 Uncommon trap: reason=unstable_if action=reinterpret pc=0x0000000002bb0754 method=java.util.GregorianCalendar.computeFields(II)I @ 199

Classes redefined (0 events):
No events

Internal exceptions (10 events):
Event: 0.304 Thread 0x000000000218e000 Exception <a 'java/lang/ClassNotFoundException': ToggleButton> (0x00000000d623ee88) thrown at [C:\re\workspace\8-2-build-windows-amd64-cygwin\jdk8u231\13620\hotspot\src\share\vm\classfile\systemDictionary.cpp, line 210]
Event: 0.304 Thread 0x000000000218e000 Exception <a 'java/lang/ClassNotFoundException': javax/swing/JToolBarSeparator> (0x00000000d623f2e8) thrown at [C:\re\workspace\8-2-build-windows-amd64-cygwin\jdk8u231\13620\hotspot\src\share\vm\classfile\systemDictionary.cpp, line 210]
Event: 0.304 Thread 0x000000000218e000 Exception <a 'java/lang/ClassNotFoundException': ToolBarSeparator> (0x00000000d623f780) thrown at [C:\re\workspace\8-2-build-windows-amd64-cygwin\jdk8u231\13620\hotspot\src\share\vm\classfile\systemDictionary.cpp, line 210]
Event: 0.304 Thread 0x000000000218e000 Exception <a 'java/lang/ClassNotFoundException': ToolTip> (0x00000000d623fec0) thrown at [C:\re\workspace\8-2-build-windows-amd64-cygwin\jdk8u231\13620\hotspot\src\share\vm\classfile\systemDictionary.cpp, line 210]
Event: 0.305 Thread 0x000000000218e000 Exception <a 'java/lang/ClassNotFoundException': Tree> (0x00000000d6240ae0) thrown at [C:\re\workspace\8-2-build-windows-amd64-cygwin\jdk8u231\13620\hotspot\src\share\vm\classfile\systemDictionary.cpp, line 210]
Event: 0.305 Thread 0x000000000218e000 Exception <a 'java/lang/ClassNotFoundException': Tree> (0x00000000d6241220) thrown at [C:\re\workspace\8-2-build-windows-amd64-cygwin\jdk8u231\13620\hotspot\src\share\vm\classfile\systemDictionary.cpp, line 210]
Event: 0.305 Thread 0x000000000218e000 Exception <a 'java/lang/ClassNotFoundException': javax/swing/JTreeCell> (0x00000000d62415a0) thrown at [C:\re\workspace\8-2-build-windows-amd64-cygwin\jdk8u231\13620\hotspot\src\share\vm\classfile\systemDictionary.cpp, line 210]
Event: 0.305 Thread 0x000000000218e000 Exception <a 'java/lang/ClassNotFoundException': TreeCell> (0x00000000d6241a28) thrown at [C:\re\workspace\8-2-build-windows-amd64-cygwin\jdk8u231\13620\hotspot\src\share\vm\classfile\systemDictionary.cpp, line 210]
Event: 0.305 Thread 0x000000000218e000 Exception <a 'java/lang/ClassNotFoundException': RootPane> (0x00000000d6242488) thrown at [C:\re\workspace\8-2-build-windows-amd64-cygwin\jdk8u231\13620\hotspot\src\share\vm\classfile\systemDictionary.cpp, line 210]
Event: 8.347 Thread 0x00000000190d3800 Implicit null exception at 0x0000000002871858 to 0x000000000287199d

Events (10 events):
Event: 1171.104 Executing VM operation: ParallelGCFailedAllocation done
Event: 1197.128 Executing VM operation: ParallelGCFailedAllocation
Event: 1197.129 Executing VM operation: ParallelGCFailedAllocation done
Event: 1222.784 Executing VM operation: ParallelGCFailedAllocation
Event: 1222.785 Executing VM operation: ParallelGCFailedAllocation done
Event: 1233.417 Thread 0x0000000016fc2000 flushing nmethod 0x000000000261b450
Event: 1248.857 Executing VM operation: ParallelGCFailedAllocation
Event: 1248.858 Executing VM operation: ParallelGCFailedAllocation done
Event: 1274.576 Executing VM operation: ParallelGCFailedAllocation
Event: 1274.577 Executing VM operation: ParallelGCFailedAllocation done


Dynamic libraries:
0x00007ff7d38c0000 - 0x00007ff7d38f7000 	C:\Program Files\Java\jdk1.8.0_231\bin\java.exe
0x00007ffbc4ac0000 - 0x00007ffbc4cb0000 	C:\WINDOWS\SYSTEM32\ntdll.dll
0x00007ffbc2f10000 - 0x00007ffbc2fc2000 	C:\WINDOWS\System32\KERNEL32.DLL
0x00007ffbc25f0000 - 0x00007ffbc2893000 	C:\WINDOWS\System32\KERNELBASE.dll
0x00007ffbc2fd0000 - 0x00007ffbc3073000 	C:\WINDOWS\System32\ADVAPI32.dll
0x00007ffbc30f0000 - 0x00007ffbc318e000 	C:\WINDOWS\System32\msvcrt.dll
0x00007ffbc2bf0000 - 0x00007ffbc2c87000 	C:\WINDOWS\System32\sechost.dll
0x00007ffbc2c90000 - 0x00007ffbc2db0000 	C:\WINDOWS\System32\RPCRT4.dll
0x00007ffbc4570000 - 0x00007ffbc4704000 	C:\WINDOWS\System32\USER32.dll
0x00007ffbc25c0000 - 0x00007ffbc25e1000 	C:\WINDOWS\System32\win32u.dll
0x00007ffbc2e10000 - 0x00007ffbc2e36000 	C:\WINDOWS\System32\GDI32.dll
0x00007ffbc28a0000 - 0x00007ffbc2a34000 	C:\WINDOWS\System32\gdi32full.dll
0x00007ffbc22a0000 - 0x00007ffbc233e000 	C:\WINDOWS\System32\msvcp_win.dll
0x00007ffbc2490000 - 0x00007ffbc258a000 	C:\WINDOWS\System32\ucrtbase.dll
0x00007ffbb4600000 - 0x00007ffbb4885000 	C:\WINDOWS\WinSxS\amd64_microsoft.windows.common-controls_6595b64144ccf1df_6.0.18362.535_none_e6c3b34713100821\COMCTL32.dll
0x00007ffbc4740000 - 0x00007ffbc4a76000 	C:\WINDOWS\System32\combase.dll
0x00007ffbc2af0000 - 0x00007ffbc2b70000 	C:\WINDOWS\System32\bcryptPrimitives.dll
0x00007ffbc4710000 - 0x00007ffbc473e000 	C:\WINDOWS\System32\IMM32.DLL
0x0000000058ff0000 - 0x00000000590c2000 	C:\Program Files\Java\jdk1.8.0_231\jre\bin\msvcr100.dll
0x00000000590d0000 - 0x0000000059976000 	C:\Program Files\Java\jdk1.8.0_231\jre\bin\server\jvm.dll
0x00007ffbc3890000 - 0x00007ffbc3898000 	C:\WINDOWS\System32\PSAPI.DLL
0x00007ffbb6710000 - 0x00007ffbb671a000 	C:\WINDOWS\SYSTEM32\VERSION.dll
0x00007ffbbf620000 - 0x00007ffbbf644000 	C:\WINDOWS\SYSTEM32\WINMM.dll
0x00007ffbbff50000 - 0x00007ffbbff59000 	C:\WINDOWS\SYSTEM32\WSOCK32.dll
0x00007ffbc3080000 - 0x00007ffbc30ef000 	C:\WINDOWS\System32\WS2_32.dll
0x00007ffbbf5f0000 - 0x00007ffbbf61d000 	C:\WINDOWS\SYSTEM32\winmmbase.dll
0x00007ffbc2a40000 - 0x00007ffbc2a8a000 	C:\WINDOWS\System32\cfgmgr32.dll
0x00007ffb8ab80000 - 0x00007ffb8ab8f000 	C:\Program Files\Java\jdk1.8.0_231\jre\bin\verify.dll
0x00007ffb8a230000 - 0x00007ffb8a259000 	C:\Program Files\Java\jdk1.8.0_231\jre\bin\java.dll
0x00007ffb69cd0000 - 0x00007ffb69ce6000 	C:\Program Files\Java\jdk1.8.0_231\jre\bin\zip.dll
0x00007ffbc3190000 - 0x00007ffbc3875000 	C:\WINDOWS\System32\SHELL32.dll
0x00007ffbc38a0000 - 0x00007ffbc3949000 	C:\WINDOWS\System32\shcore.dll
0x00007ffbc1b20000 - 0x00007ffbc229f000 	C:\WINDOWS\System32\windows.storage.dll
0x00007ffbc19e0000 - 0x00007ffbc19ff000 	C:\WINDOWS\System32\profapi.dll
0x00007ffbc1a00000 - 0x00007ffbc1a4a000 	C:\WINDOWS\System32\powrprof.dll
0x00007ffbc1990000 - 0x00007ffbc19a0000 	C:\WINDOWS\System32\UMPDC.dll
0x00007ffbc3c30000 - 0x00007ffbc3c82000 	C:\WINDOWS\System32\shlwapi.dll
0x00007ffbc19a0000 - 0x00007ffbc19b1000 	C:\WINDOWS\System32\kernel.appcore.dll
0x00007ffbc1b00000 - 0x00007ffbc1b17000 	C:\WINDOWS\System32\cryptsp.dll
0x00007ffb62550000 - 0x00007ffb626ea000 	C:\Program Files\Java\jdk1.8.0_231\jre\bin\awt.dll
0x00007ffbc2e40000 - 0x00007ffbc2f04000 	C:\WINDOWS\System32\OLEAUT32.dll
0x00007ffbbf750000 - 0x00007ffbbf7df000 	C:\WINDOWS\SYSTEM32\apphelp.dll
0x00007ffbbf9e0000 - 0x00007ffbbfa79000 	C:\WINDOWS\system32\uxtheme.dll
0x00007ffbc3af0000 - 0x00007ffbc3c25000 	C:\WINDOWS\System32\MSCTF.dll
0x00007ffbc3d60000 - 0x00007ffbc3eb6000 	C:\WINDOWS\System32\ole32.dll
0x00007ffbc0300000 - 0x00007ffbc032d000 	C:\WINDOWS\system32\DWMAPI.DLL
0x00007ffb63980000 - 0x00007ffb639c9000 	C:\Program Files\Java\jdk1.8.0_231\jre\bin\fontmanager.dll
0x00007ffb84350000 - 0x00007ffb844a6000 	C:\WINDOWS\system32\opengl32.dll
0x00007ffb842e0000 - 0x00007ffb8430c000 	C:\WINDOWS\SYSTEM32\GLU32.dll
0x00007ffbc0600000 - 0x00007ffbc0620000 	C:\WINDOWS\SYSTEM32\dxcore.dll
0x00007ffbc3950000 - 0x00007ffbc39f2000 	C:\WINDOWS\System32\clbcatq.dll
0x00007ffbbca10000 - 0x00007ffbbcbbf000 	C:\WINDOWS\SYSTEM32\WindowsCodecs.dll
0x00007ffb83830000 - 0x00007ffb8386a000 	C:\WINDOWS\system32\dataexchange.dll
0x00007ffbbedf0000 - 0x00007ffbbefcb000 	C:\WINDOWS\system32\dcomp.dll
0x00007ffbbe6a0000 - 0x00007ffbbe8fb000 	C:\WINDOWS\system32\d3d11.dll
0x00007ffbc0690000 - 0x00007ffbc077b000 	C:\WINDOWS\system32\dxgi.dll
0x00007ffbbfcb0000 - 0x00007ffbbff0a000 	C:\WINDOWS\system32\twinapi.appcore.dll
0x00007ffbc0210000 - 0x00007ffbc0239000 	C:\WINDOWS\system32\RMCLIENT.dll
0x00007ffb639f0000 - 0x00007ffb63a0a000 	C:\Program Files\Java\jdk1.8.0_231\jre\bin\net.dll
0x00007ffbc1200000 - 0x00007ffbc1267000 	C:\WINDOWS\system32\mswsock.dll
0x00007ffb639d0000 - 0x00007ffb639e2000 	C:\Program Files\Java\jdk1.8.0_231\jre\bin\nio.dll
0x00007ffb62500000 - 0x00007ffb62542000 	C:\Program Files\Java\jdk1.8.0_231\jre\bin\t2k.dll
0x00007ffbb4c30000 - 0x00007ffbb4cce000 	C:\WINDOWS\System32\TextInputFramework.dll
0x00007ffbbf0a0000 - 0x00007ffbbf174000 	C:\WINDOWS\System32\CoreMessaging.dll
0x00007ffbbccc0000 - 0x00007ffbbcfea000 	C:\WINDOWS\System32\CoreUIComponents.dll
0x00007ffbc09f0000 - 0x00007ffbc0a21000 	C:\WINDOWS\SYSTEM32\ntmarta.dll
0x00007ffbbd0f0000 - 0x00007ffbbd243000 	C:\WINDOWS\SYSTEM32\wintypes.dll
0x00007ffb62da0000 - 0x00007ffb62dca000 	C:\Program Files\Java\jdk1.8.0_231\jre\bin\dcpr.dll
0x00007ffbb2f20000 - 0x00007ffbb31c6000 	C:\WINDOWS\System32\iertutil.dll
0x00007ffbc0f50000 - 0x00007ffbc101a000 	C:\WINDOWS\SYSTEM32\DNSAPI.dll
0x00007ffbc3880000 - 0x00007ffbc3888000 	C:\WINDOWS\System32\NSI.dll
0x00007ffbc0f10000 - 0x00007ffbc0f4a000 	C:\WINDOWS\SYSTEM32\IPHLPAPI.DLL
0x00007ffbb44f0000 - 0x00007ffbb44fa000 	C:\Windows\System32\rasadhlp.dll
0x00007ffbb6180000 - 0x00007ffbb61f7000 	C:\WINDOWS\System32\fwpuclnt.dll
0x00007ffbc2590000 - 0x00007ffbc25b6000 	C:\WINDOWS\System32\bcrypt.dll
0x00007ffb623f0000 - 0x00007ffb62406000 	C:\WINDOWS\system32\napinsp.dll
0x00007ffb623d0000 - 0x00007ffb623ea000 	C:\WINDOWS\system32\pnrpnsp.dll
0x00007ffb8ab30000 - 0x00007ffb8ab3e000 	C:\WINDOWS\System32\winrnr.dll
0x00007ffbbde10000 - 0x00007ffbbde2c000 	C:\WINDOWS\system32\NLAapi.dll
0x00007ffbbcc50000 - 0x00007ffbbcc65000 	C:\WINDOWS\system32\wshbth.dll
0x00007ffbc0d70000 - 0x00007ffbc0da3000 	C:\WINDOWS\system32\rsaenh.dll
0x00007ffbc18b0000 - 0x00007ffbc18d5000 	C:\WINDOWS\SYSTEM32\USERENV.dll
0x00007ffbc13d0000 - 0x00007ffbc13dc000 	C:\WINDOWS\SYSTEM32\CRYPTBASE.dll
0x00007ffbb6380000 - 0x00007ffbb6396000 	C:\WINDOWS\SYSTEM32\dhcpcsvc6.DLL
0x00007ffbb6360000 - 0x00007ffbb637c000 	C:\WINDOWS\SYSTEM32\dhcpcsvc.DLL
0x00007ffbbde40000 - 0x00007ffbbde64000 	C:\Program Files\Java\jdk1.8.0_231\jre\bin\sunec.dll
0x00007ffbbdf60000 - 0x00007ffbbdf6b000 	C:\Program Files\Java\jdk1.8.0_231\jre\bin\sunmscapi.dll
0x00007ffbc2340000 - 0x00007ffbc2489000 	C:\WINDOWS\System32\CRYPT32.dll
0x00007ffbc19c0000 - 0x00007ffbc19d2000 	C:\WINDOWS\System32\MSASN1.dll
0x00007ffbb0010000 - 0x00007ffbb005e000 	C:\Windows\System32\sqljdbc_auth.dll
0x00007ffbaee20000 - 0x00007ffbaee2c000 	C:\WINDOWS\system32\secur32.dll
0x00007ffbc1880000 - 0x00007ffbc18af000 	C:\WINDOWS\SYSTEM32\SSPICLI.DLL
0x00007ffbc12c0000 - 0x00007ffbc13c3000 	C:\WINDOWS\system32\kerberos.DLL
0x00007ffbc1180000 - 0x00007ffbc11f7000 	C:\WINDOWS\system32\msv1_0.DLL
0x00007ffbc1170000 - 0x00007ffbc117d000 	C:\WINDOWS\SYSTEM32\NtlmShared.dll
0x00007ffbc1270000 - 0x00007ffbc1284000 	C:\WINDOWS\SYSTEM32\cryptdll.dll
0x00007ffb8fa70000 - 0x00007ffb8fa98000 	C:\WINDOWS\system32\ntdsapi.dll
0x00007ffb90770000 - 0x00007ffb907f7000 	C:\Program Files (x86)\TeamViewer\tv_x64.dll
0x00007ffbbfaa0000 - 0x00007ffbbfc94000 	C:\WINDOWS\SYSTEM32\dbghelp.dll

VM Arguments:
jvm_args: -Dfile.encoding=UTF-8 
java_command: Frm.Login
java_class_path (initial): C:\Users\abc\Desktop\sqljdbc_7.4\enu\mssql-jdbc-7.4.1.jre8.jar;C:\Users\abc\Desktop\Quan Ly Cua Hang Mua Ban Thiet Bi Dien Tu\Quan Ly Cua Hang Mua Ban Thiet Bi Dien Tu\src\Library\jasperreports-5.5.0.jar;C:\Users\abc\Desktop\Quan Ly Cua Hang Mua Ban Thiet Bi Dien Tu\Quan Ly Cua Hang Mua Ban Thiet Bi Dien Tu\src\Library\jcalendar-1.4.jar;C:\Users\abc\Documents\GitHub\Drug-Management-Software\ManageDrug\build\classes
Launcher Type: SUN_STANDARD

Environment Variables:
JAVA_HOME=C:\Program Files\Java\jdk1.8.0_231
PATH=C:\Program Files (x86)\Common Files\Oracle\Java\javapath;C:\Program Files\Microsoft MPI\Bin\;C:\WINDOWS\system32;C:\WINDOWS;C:\WINDOWS\System32\Wbem;C:\WINDOWS\System32\WindowsPowerShell\v1.0\;C:\WINDOWS\System32\OpenSSH\;C:\kotlinc\bin;C:\Users\abc\AppData\Local\Programs\Python\Python36;C:\Users\abc\AppData\Local\Programs\Python\Python36\Scripts;C:\Program Files\Git\cmd;C:\Program Files\Microsoft SQL Server\Client SDK\ODBC\130\Tools\Binn\;C:\Program Files (x86)\Microsoft SQL Server\140\Tools\Binn\;C:\Program Files\Microsoft SQL Server\140\Tools\Binn\;C:\Program Files\Microsoft SQL Server\140\DTS\Binn\;C:\Program Files (x86)\Microsoft SQL Server\150\DTS\Binn\;C:\Program Files (x86)\Microsoft SQL Server\140\DTS\Binn\;C:\Program Files\Java\jdk1.8.0_231\bin;C:\Users\abc\AppData\Local\Microsoft\WindowsApps;C:\Users\abc\AppData\Local\Programs\Microsoft VS Code\bin;C:\Users\abc\AppData\Local\GitHubDesktop\bin;C:\Program Files\JetBrains\IntelliJ IDEA Community Edition 2019.2.4\bin;
USERNAME=phatngy
OS=Windows_NT
PROCESSOR_IDENTIFIER=Intel64 Family 6 Model 78 Stepping 3, GenuineIntel



---------------  S Y S T E M  ---------------

OS: Windows 10.0 , 64 bit Build 18362 (10.0.18362.329)

CPU:total 4 (initial active 4) (2 cores per cpu, 2 threads per core) family 6 model 78 stepping 3, cmov, cx8, fxsr, mmx, sse, sse2, sse3, ssse3, sse4.1, sse4.2, popcnt, avx, avx2, aes, clmul, erms, 3dnowpref, lzcnt, ht, tsc, tscinvbit, bmi1, bmi2, adx

Memory: 4k page, physical 8281980k(2878828k free), swap 9985916k(1768908k free)

vm_info: Java HotSpot(TM) 64-Bit Server VM (25.231-b11) for windows-amd64 JRE (1.8.0_231-b11), built on Oct  5 2019 03:11:30 by "java_re" with MS VC++ 10.0 (VS2010)

time: Thu Dec 19 00:03:18 2019
timezone: SE Asia Standard Time
elapsed time: 1289 seconds (0d 0h 21m 29s)

